Arguments: 
  /usr/bin/node /usr/bin/yarn add sokect.io-redis

PATH: 
  /usr/local/sbin:/usr/local/bin:/usr/sbin:/usr/bin:/sbin:/bin:/usr/games:/usr/local/games:/snap/bin

Yarn version: 
  1.22.4

Node version: 
  14.4.0

Platform: 
  linux x64

Trace: 
  Error: https://registry.yarnpkg.com/sokect.io-redis: Not found
      at Request.params.callback [as _callback] (/usr/lib/node_modules/yarn/lib/cli.js:66987:18)
      at Request.self.callback (/usr/lib/node_modules/yarn/lib/cli.js:140748:22)
      at Request.emit (events.js:315:20)
      at Request.<anonymous> (/usr/lib/node_modules/yarn/lib/cli.js:141720:10)
      at Request.emit (events.js:315:20)
      at IncomingMessage.<anonymous> (/usr/lib/node_modules/yarn/lib/cli.js:141642:12)
      at Object.onceWrapper (events.js:421:28)
      at IncomingMessage.emit (events.js:327:22)
      at endReadableNT (_stream_readable.js:1224:12)
      at processTicksAndRejections (internal/process/task_queues.js:84:21)

npm manifest: 
  {
    "name": "apiwin",
    "version": "1.0.0",
    "description": "api du sih",
    "main": "index.js",
    "engines": {
      "node": "14.4.0",
      "npm": "6.14.5"
    },
    "scripts": {
      "start": "node ./index"
    },
    "dependencies": {
      "body-parser": "^1.19.0",
      "cookie-parser": "^1.4.5",
      "debug": "^4.1.1",
      "ejs": "^3.1.3",
      "express": "~4.16.0",
      "http-errors": "^1.7.3",
      "moment": "^2.24.0",
      "morgan": "^1.10.0",
      "pg": "^8.2.1",
      "pg-format": "^1.0.4",
      "socket.io": "^2.2.0"
    },
    "keywords": [
      "api",
      "health"
    ],
    "author": "edy koffi",
    "license": "ISC"
  }

yarn manifest: 
  No manifest

Lockfile: 
  No lockfile
